<?xml version="1.0" encoding="UTF-8"?>
<!-- Generated by org.testng.reporters.JUnitXMLReporter -->
<testsuite ignored="0" hostname="DESKTOP-4V2B5VI" failures="0" tests="3" name="Default test" time="0.112" errors="0" timestamp="2022-10-01T19:01:40 IST">
  <testcase classname="testClasses.testClass3" name="@BeforeClass beforeClass" time="-1.664631100045E9">
    <failure type="org.testng.TestNGException" message="
Parameter &amp;apos;browser&amp;apos; is required by BeforeClass on method beforeClass but has not been marked @Optional or defined
in C:\Users\aksha\AppData\Local\Temp\testng-eclipse--1333928703\testng-customsuite.xml">
      <![CDATA[org.testng.TestNGException: 
Parameter 'browser' is required by BeforeClass on method beforeClass but has not been marked @Optional or defined
in C:\Users\aksha\AppData\Local\Temp\testng-eclipse--1333928703\testng-customsuite.xml
at org.testng.internal.Parameters.createParams(Parameters.java:270)
at org.testng.internal.Parameters.createParametersForMethod(Parameters.java:358)
at org.testng.internal.Parameters.createParameters(Parameters.java:700)
at org.testng.internal.Parameters.createConfigurationParameters(Parameters.java:168)
at org.testng.internal.ConfigInvoker.invokeConfigurations(ConfigInvoker.java:302)
at org.testng.internal.TestMethodWorker.invokeBeforeClassMethods(TestMethodWorker.java:176)
at org.testng.internal.TestMethodWorker.run(TestMethodWorker.java:122)
at java.base/java.util.ArrayList.forEach(ArrayList.java:1511)
at org.testng.TestRunner.privateRun(TestRunner.java:794)
at org.testng.TestRunner.run(TestRunner.java:596)
at org.testng.SuiteRunner.runTest(SuiteRunner.java:377)
at org.testng.SuiteRunner.runSequentially(SuiteRunner.java:371)
at org.testng.SuiteRunner.privateRun(SuiteRunner.java:332)
at org.testng.SuiteRunner.run(SuiteRunner.java:276)
at org.testng.SuiteRunnerWorker.runSuite(SuiteRunnerWorker.java:53)
at org.testng.SuiteRunnerWorker.run(SuiteRunnerWorker.java:96)
at org.testng.TestNG.runSuitesSequentially(TestNG.java:1212)
at org.testng.TestNG.runSuitesLocally(TestNG.java:1134)
at org.testng.TestNG.runSuites(TestNG.java:1063)
at org.testng.TestNG.run(TestNG.java:1031)
at org.testng.remote.AbstractRemoteTestNG.run(AbstractRemoteTestNG.java:115)
at org.testng.remote.RemoteTestNG.initAndRun(RemoteTestNG.java:251)
at org.testng.remote.RemoteTestNG.main(RemoteTestNG.java:77)
]]>
    </failure>
  </testcase> <!-- @BeforeClass beforeClass -->
  <testcase classname="testClasses.testClass3" name="@BeforeMethod beforeMethod" time="-1.664631100081E9">
    <skipped/>
  </testcase> <!-- @BeforeMethod beforeMethod -->
  <testcase classname="testClasses.testClass3" name="@AfterMethod afterMethod" time="-1.664631100094E9">
    <skipped/>
  </testcase> <!-- @AfterMethod afterMethod -->
  <testcase classname="testClasses.testClass3" name="@BeforeMethod beforeMethod" time="-1.664631100109E9">
    <skipped/>
  </testcase> <!-- @BeforeMethod beforeMethod -->
  <testcase classname="testClasses.testClass3" name="@AfterMethod afterMethod" time="-1.664631100115E9">
    <skipped/>
  </testcase> <!-- @AfterMethod afterMethod -->
  <testcase classname="testClasses.testClass3" name="@BeforeMethod beforeMethod" time="-1.664631100117E9">
    <skipped/>
  </testcase> <!-- @BeforeMethod beforeMethod -->
  <testcase classname="testClasses.testClass3" name="@AfterMethod afterMethod" time="-1.664631100123E9">
    <skipped/>
  </testcase> <!-- @AfterMethod afterMethod -->
  <testcase classname="testClasses.testClass3" name="@AfterClass afterClass" time="-1.664631100126E9">
    <skipped/>
  </testcase> <!-- @AfterClass afterClass -->
  <testcase classname="testClasses.testClass3" name="verifyUserCanOpenProfilePage" time="0.0">
    <skipped/>
  </testcase> <!-- verifyUserCanOpenProfilePage -->
  <testcase classname="testClasses.testClass3" name="addNewAddress" time="0.0">
    <skipped/>
  </testcase> <!-- addNewAddress -->
  <testcase classname="testClasses.testClass3" name="addNewAddress" time="0.0">
    <skipped/>
  </testcase> <!-- addNewAddress -->
</testsuite> <!-- Default test -->
